[LOG] 2025/11/09 19:51:08 [SUCCESS] Файл 0KR1D.mp4 успешно перемещён в директорию Video
[LOG] 2025/11/09 19:51:08 [SUCCESS] Файл 0Mdkh7aka.pdf успешно перемещён в директорию Documents
[LOG] 2025/11/09 19:51:08 [SUCCESS] Файл 1fTTexZtb.mp4 успешно перемещён в директорию Video
[LOG] 2025/11/09 19:51:08 [SUCCESS] Файл 1rFRvHzvVVim.mp3 успешно перемещён в директорию Music
[LOG] 2025/11/09 19:51:08 [SUCCESS] Файл 1rWBco4Ldav.doc успешно перемещён в директорию Documents
[LOG] 2025/11/09 19:51:08 [SUCCESS] Файл 2tFk2qM6KHBg.png успешно перемещён в директорию Images
[LOG] 2025/11/09 19:51:08 [SUCCESS] Файл 36UYgG80aCpWI.jpg успешно перемещён в директорию Images
[LOG] 2025/11/09 19:51:08 [SUCCESS] Файл 3XpZl.rar успешно перемещён в директорию Archives
[LOG] 2025/11/09 19:51:08 [SUCCESS] Файл 3diBgRVv.png успешно перемещён в директорию Images
[LOG] 2025/11/09 19:51:08 [SUCCESS] Файл 3wf53BXpwpa4.wav успешно перемещён в директорию Music
[LOG] 2025/11/09 19:51:08 [SUCCESS] Файл 41eavfji8tw0aU.pdf успешно перемещён в директорию Documents
[LOG] 2025/11/09 19:51:08 [SUCCESS] Файл 7BnLitkt.txt успешно перемещён в директорию Documents
[LOG] 2025/11/09 19:51:08 [SUCCESS] Файл 7qEuBvxl0QM.pdf успешно перемещён в директорию Documents
[LOG] 2025/11/09 19:51:08 [SUCCESS] Файл 8KWsX9YkrAdcY.rar успешно перемещён в директорию Archives
[LOG] 2025/11/09 19:51:08 [SUCCESS] Файл 9EdPt.pdf успешно перемещён в директорию Documents
[LOG] 2025/11/09 19:51:08 [SUCCESS] Файл 9P6jcF.png успешно перемещён в директорию Images
[LOG] 2025/11/09 19:51:08 [SUCCESS] Файл ASxsMhjchISpvS.jpg успешно перемещён в директорию Images
[LOG] 2025/11/09 19:51:08 [SUCCESS] Файл AaAcbi4r.mp3 успешно перемещён в директорию Music
[LOG] 2025/11/09 19:51:08 [SUCCESS] Файл Avtostopom_po_Go(Part1).zip успешно перемещён в директорию Archives
[LOG] 2025/11/09 19:51:08 [SUCCESS] Файл BBqbJNY.jpeg успешно перемещён в директорию Images
[LOG] 2025/11/09 19:51:08 [SUCCESS] Файл BHUP7ybSckB.pdf успешно перемещён в директорию Documents
[LOG] 2025/11/09 19:51:08 [SUCCESS] Файл BOIhY7QtySTcgG.avi успешно перемещён в директорию Video
[LOG] 2025/11/09 19:51:08 [SUCCESS] Файл Cw3pHWK03iA.wav успешно перемещён в директорию Music
[LOG] 2025/11/09 19:51:08 [SUCCESS] Файл DW7btnXDLxlF.jpg успешно перемещён в директорию Images
[LOG] 2025/11/09 19:51:08 [SUCCESS] Файл DsHidMini-setup-v3.5.1.zip успешно перемещён в директорию Archives
[LOG] 2025/11/09 19:51:08 [SUCCESS] Файл EScJ7A.jpg успешно перемещён в директорию Images
[LOG] 2025/11/09 19:51:08 [SUCCESS] Файл FW5iJXSIV.pdf успешно перемещён в директорию Documents
[LOG] 2025/11/09 19:51:08 [SUCCESS] Файл FgpTOM8rcmOYkt.zip успешно перемещён в директорию Archives
[LOG] 2025/11/09 19:51:08 [SUCCESS] Файл GnqmUOP.jpeg успешно перемещён в директорию Images
[LOG] 2025/11/09 19:51:08 [SUCCESS] Файл HBfFyVBMNNZX2.rar успешно перемещён в директорию Archives
[LOG] 2025/11/09 19:51:08 [SUCCESS] Файл HFVJ0S.png успешно перемещён в директорию Images
[LOG] 2025/11/09 19:51:08 [SUCCESS] Файл J7xyxHdBTUOwg.jpg успешно перемещён в директорию Images
[LOG] 2025/11/09 19:51:08 [SUCCESS] Файл JEFDg248EQy3h.pdf успешно перемещён в директорию Documents
[LOG] 2025/11/09 19:51:08 [SUCCESS] Файл L3tJdcm1e.mp4 успешно перемещён в директорию Video
[LOG] 2025/11/09 19:51:08 [SUCCESS] Файл LaudW8.avi успешно перемещён в директорию Video
[LOG] 2025/11/09 19:51:08 [SUCCESS] Файл NihXfY9jd.doc успешно перемещён в директорию Documents
[LOG] 2025/11/09 19:51:08 [SUCCESS] Файл Nizt669o.pdf успешно перемещён в директорию Documents
[LOG] 2025/11/09 19:51:08 [SUCCESS] Файл NlFl1.pdf успешно перемещён в директорию Documents
[LOG] 2025/11/09 19:51:08 [SUCCESS] Файл O6XQff1Z.rar успешно перемещён в директорию Archives
[LOG] 2025/11/09 19:51:08 [SUCCESS] Файл OBRqZyrKrV.png успешно перемещён в директорию Images
[LOG] 2025/11/09 19:51:08 [SUCCESS] Файл Q4uTWH47hExTkB.mp3 успешно перемещён в директорию Music
[LOG] 2025/11/09 19:51:08 [SUCCESS] Файл QDmygfv.jpg успешно перемещён в директорию Images
[LOG] 2025/11/09 19:51:08 [SUCCESS] Файл SDxQWhQq4kq8h.zip успешно перемещён в директорию Archives
[LOG] 2025/11/09 19:51:08 [SUCCESS] Файл T1J772.zip успешно перемещён в директорию Archives
[LOG] 2025/11/09 19:51:08 [SUCCESS] Файл TWYXpj6.mp3 успешно перемещён в директорию Music
[LOG] 2025/11/09 19:51:08 [SUCCESS] Файл Tam40.rar успешно перемещён в директорию Archives
[LOG] 2025/11/09 19:51:08 [SUCCESS] Файл Tiago Разработка бэкэнда.zip успешно перемещён в директорию Archives
[LOG] 2025/11/09 19:51:08 [SUCCESS] Файл Tyx6P8Jf4x.docx успешно перемещён в директорию Documents
[LOG] 2025/11/09 19:51:08 [SUCCESS] Файл UJGlabfi.mp4 успешно перемещён в директорию Video
[LOG] 2025/11/09 19:51:08 [SUCCESS] Файл ULC0U35.pdf успешно перемещён в директорию Documents
[LOG] 2025/11/09 19:51:08 [SUCCESS] Файл UUG2VWH1u43V7.mp4 успешно перемещён в директорию Video
[LOG] 2025/11/09 19:51:08 [SUCCESS] Файл WvNZyO30KS1UC.png успешно перемещён в директорию Images
[LOG] 2025/11/09 19:51:08 [SUCCESS] Файл XclFvmIMM2fMM2.pdf успешно перемещён в директорию Documents
[LOG] 2025/11/09 19:51:08 [SUCCESS] Файл XpGEz8hqnsnz.txt успешно перемещён в директорию Documents
[LOG] 2025/11/09 19:51:08 [SUCCESS] Файл Y82g9Lw3Tp.txt успешно перемещён в директорию Documents
[LOG] 2025/11/09 19:51:08 [SUCCESS] Файл YdmZfIZ.mp3 успешно перемещён в директорию Music
[LOG] 2025/11/09 19:51:08 [SUCCESS] Файл YfloW9qiL1c.doc успешно перемещён в директорию Documents
[LOG] 2025/11/09 19:51:08 [SUCCESS] Файл YisbaCPrb8byPB.zip успешно перемещён в директорию Archives
[LOG] 2025/11/09 19:51:08 [SUCCESS] Файл YrDrEDlasAHA5s.jpeg успешно перемещён в директорию Images
[LOG] 2025/11/09 19:51:08 [SUCCESS] Файл YxUDuwWY2MhV5.zip успешно перемещён в директорию Archives
[LOG] 2025/11/09 19:51:08 [SUCCESS] Файл ZFSizWskTvO8Wd.rar успешно перемещён в директорию Archives
[LOG] 2025/11/09 19:51:08 [SUCCESS] Файл ZzpAyMK.doc успешно перемещён в директорию Documents
[LOG] 2025/11/09 19:51:08 [SUCCESS] Файл afZTOWomq7.mp3 успешно перемещён в директорию Music
[LOG] 2025/11/09 19:51:08 [SUCCESS] Файл b7Ztq3Y2W2.mp3 успешно перемещён в директорию Music
[LOG] 2025/11/09 19:51:08 [SUCCESS] Файл bV4kSQphrp1F.txt успешно перемещён в директорию Documents
[LOG] 2025/11/09 19:51:08 [SUCCESS] Файл bwEhqA8ztutDhE.wav успешно перемещён в директорию Music
[LOG] 2025/11/09 19:51:08 [SUCCESS] Файл c13ptGqVc59us.png успешно перемещён в директорию Images
[LOG] 2025/11/09 19:51:08 [SUCCESS] Файл cDTX7ti6VuN.pdf успешно перемещён в директорию Documents
[LOG] 2025/11/09 19:51:08 [SUCCESS] Файл cMTlOYWJ.avi успешно перемещён в директорию Video
[LOG] 2025/11/09 19:51:08 [SUCCESS] Файл cQX2fyv.jpg успешно перемещён в директорию Images
[LOG] 2025/11/09 19:51:09 [SUCCESS] Файл cm2voSRL.mp4 успешно перемещён в директорию Video
[LOG] 2025/11/09 19:51:09 [SUCCESS] Файл dg-sqlticourse.zip успешно перемещён в директорию Archives
[LOG] 2025/11/09 19:51:09 [SUCCESS] Файл dzb3v.mp3 успешно перемещён в директорию Music
[LOG] 2025/11/09 19:51:09 [SUCCESS] Файл eA32cpPeZda.mp3 успешно перемещён в директорию Music
[LOG] 2025/11/09 19:51:09 [SUCCESS] Файл ehzc4ynT.rar успешно перемещён в директорию Archives
[LOG] 2025/11/09 19:51:09 [SUCCESS] Файл f4y21OweLMuuSB.png успешно перемещён в директорию Images
[LOG] 2025/11/09 19:51:09 [SUCCESS] Файл fFwLZOFT62e9x.wav успешно перемещён в директорию Music
[LOG] 2025/11/09 19:51:09 [SUCCESS] Файл fPNHE2C.wav успешно перемещён в директорию Music
[LOG] 2025/11/09 19:51:09 [SUCCESS] Файл fqOdPbV.mp4 успешно перемещён в директорию Video
[LOG] 2025/11/09 19:51:09 [SUCCESS] Файл h1uxUQe.jpeg успешно перемещён в директорию Images
[LOG] 2025/11/09 19:51:09 [SUCCESS] Файл jJKyuhJt.avi успешно перемещён в директорию Video
[LOG] 2025/11/09 19:51:09 [SUCCESS] Файл jdyYvL0u94v.rar успешно перемещён в директорию Archives
[LOG] 2025/11/09 19:51:09 [SUCCESS] Файл kOOMAs9Wk3.wav успешно перемещён в директорию Music
[LOG] 2025/11/09 19:51:09 [SUCCESS] Файл kY73OuZau.mp4 успешно перемещён в директорию Video
[LOG] 2025/11/09 19:51:09 [SUCCESS] Файл lTaKnZnaDGi8.jpg успешно перемещён в директорию Images
[LOG] 2025/11/09 19:51:09 [SUCCESS] Файл lih14.jpeg успешно перемещён в директорию Images
[LOG] 2025/11/09 19:51:09 [SUCCESS] Файл m1jrip8NQEXmC.mp4 успешно перемещён в директорию Video
[LOG] 2025/11/09 19:51:09 [SUCCESS] Файл n9XUM.mp4 успешно перемещён в директорию Video
[LOG] 2025/11/09 19:51:09 [SUCCESS] Файл ntU0t9LEIEruHq.jpeg успешно перемещён в директорию Images
[LOG] 2025/11/09 19:51:09 [SUCCESS] Файл rocket-factory-hw-3.zip успешно перемещён в директорию Archives
[LOG] 2025/11/09 19:51:09 [SUCCESS] Файл rus.zip успешно перемещён в директорию Archives
[LOG] 2025/11/09 19:51:09 [SUCCESS] Файл sEAhMm1c6hu.avi успешно перемещён в директорию Video
[LOG] 2025/11/09 19:51:09 [SUCCESS] Файл sYf9AusbeaZg.mp3 успешно перемещён в директорию Music
[LOG] 2025/11/09 19:51:09 [SUCCESS] Файл shqNuwlwRJh.mp3 успешно перемещён в директорию Music
[LOG] 2025/11/09 19:51:09 [SUCCESS] Файл smWhoXZn.pdf успешно перемещён в директорию Documents
[LOG] 2025/11/09 19:51:09 [SUCCESS] Файл tVqFM.txt успешно перемещён в директорию Documents
[LOG] 2025/11/09 19:51:09 [SUCCESS] Файл vAlUdettBwG7.png успешно перемещён в директорию Images
[LOG] 2025/11/09 19:51:09 [SUCCESS] Файл vNvjAdlS.mp3 успешно перемещён в директорию Music
[LOG] 2025/11/09 19:51:09 [SUCCESS] Файл vxqnw75UQNzIR.png успешно перемещён в директорию Images
[LOG] 2025/11/09 19:51:09 [SUCCESS] Файл wAQZqHpC9.jpg успешно перемещён в директорию Images
[LOG] 2025/11/09 19:51:09 [SUCCESS] Файл wcu4gXQoerZ9f.jpg успешно перемещён в директорию Images
[LOG] 2025/11/09 19:51:09 [SUCCESS] Файл x360ce.zip успешно перемещён в директорию Archives
[LOG] 2025/11/09 19:51:09 [SUCCESS] Файл xExqXe9xRa2S.mp3 успешно перемещён в директорию Music
[LOG] 2025/11/09 19:51:09 [SUCCESS] Файл xbbVzyKqBS.mp4 успешно перемещён в директорию Video
[LOG] 2025/11/09 19:51:09 [SUCCESS] Файл ygoiml1rGajIT6.doc успешно перемещён в директорию Documents
[LOG] 2025/11/09 19:51:09 [SUCCESS] Файл yyhDt7E.doc успешно перемещён в директорию Documents
[LOG] 2025/11/09 19:51:09 [SUCCESS] Файл zSx9c1GpQY3ZSt.docx успешно перемещён в директорию Documents
[LOG] 2025/11/09 19:51:09 [SUCCESS] Файл ipset-all.txt успешно перемещён в директорию Documents
[LOG] 2025/11/09 19:51:09 [SUCCESS] Файл list-general.txt успешно перемещён в директорию Documents
[LOG] 2025/11/09 19:51:09 [SUCCESS] Файл zapret-discord-youtube-1.8.5.rar успешно перемещён в директорию Archives
[LOG] 2025/11/09 19:53:51 [SUCCESS] Файл 0GY5Qc0P.mp4 успешно перемещён в директорию Video
[LOG] 2025/11/09 19:53:51 [SUCCESS] Файл 0XkVw.jpeg успешно перемещён в директорию Images
[LOG] 2025/11/09 19:53:51 [SUCCESS] Файл 0iNtsmry4Itzg.txt успешно перемещён в директорию Documents
[LOG] 2025/11/09 19:53:51 [SUCCESS] Файл 14sb0Z1je.pdf успешно перемещён в директорию Documents
[LOG] 2025/11/09 19:53:51 [SUCCESS] Файл 21hA6VJrUziJ.avi успешно перемещён в директорию Video
[LOG] 2025/11/09 19:53:51 [SUCCESS] Файл 2u8yal.jpeg успешно перемещён в директорию Images
[LOG] 2025/11/09 19:53:51 [SUCCESS] Файл 3TGbrB.zip успешно перемещён в директорию Archives
[LOG] 2025/11/09 19:53:51 [SUCCESS] Файл 4KMiXUBov3.jpg успешно перемещён в директорию Images
[LOG] 2025/11/09 19:53:51 [SUCCESS] Файл 55fu6F.doc успешно перемещён в директорию Documents
[LOG] 2025/11/09 19:53:51 [SUCCESS] Файл 57Gc8.zip успешно перемещён в директорию Archives
[LOG] 2025/11/09 19:53:51 [SUCCESS] Файл 5PL3I.pdf успешно перемещён в директорию Documents
[LOG] 2025/11/09 19:53:51 [SUCCESS] Файл 5PM1KyavFHF.jpeg успешно перемещён в директорию Images
[LOG] 2025/11/09 19:53:51 [SUCCESS] Файл 5zFqiPi5l.png успешно перемещён в директорию Images
[LOG] 2025/11/09 19:53:51 [SUCCESS] Файл 5zfO6jAVAtGhE.jpg успешно перемещён в директорию Images
[LOG] 2025/11/09 19:53:51 [SUCCESS] Файл 6FKf4ss.txt успешно перемещён в директорию Documents
[LOG] 2025/11/09 19:53:51 [SUCCESS] Файл 6INrL.jpeg успешно перемещён в директорию Images
[LOG] 2025/11/09 19:53:51 [SUCCESS] Файл 6bLYEuKdeF.pdf успешно перемещён в директорию Documents
[LOG] 2025/11/09 19:53:51 [SUCCESS] Файл 88WA8sZ.txt успешно перемещён в директорию Documents
[LOG] 2025/11/09 19:53:51 [SUCCESS] Файл 8kVvRc4.rar успешно перемещён в директорию Archives
[LOG] 2025/11/09 19:53:51 [SUCCESS] Файл 97l78bJz2K.wav успешно перемещён в директорию Music
[LOG] 2025/11/09 19:53:51 [SUCCESS] Файл 9XITD2bv3.wav успешно перемещён в директорию Music
[LOG] 2025/11/09 19:53:51 [SUCCESS] Файл 9bSPllKWIEzsIQ.pdf успешно перемещён в директорию Documents
[LOG] 2025/11/09 19:53:51 [SUCCESS] Файл AHsEcE.wav успешно перемещён в директорию Music
[LOG] 2025/11/09 19:53:51 [SUCCESS] Файл ASpKPD.doc успешно перемещён в директорию Documents
[LOG] 2025/11/09 19:53:51 [SUCCESS] Файл Awua8q7joNF.zip успешно перемещён в директорию Archives
[LOG] 2025/11/09 19:53:51 [SUCCESS] Файл BLnAIlEjGn3o.pdf успешно перемещён в директорию Documents
[LOG] 2025/11/09 19:53:51 [SUCCESS] Файл CFRyZROSPKnYc.mp4 успешно перемещён в директорию Video
[LOG] 2025/11/09 19:53:51 [SUCCESS] Файл FBfcg.wav успешно перемещён в директорию Music
[LOG] 2025/11/09 19:53:51 [SUCCESS] Файл GDX3nYI0a.png успешно перемещён в директорию Images
[LOG] 2025/11/09 19:53:51 [SUCCESS] Файл Jxe8o45NlM.png успешно перемещён в директорию Images
[LOG] 2025/11/09 19:53:51 [SUCCESS] Файл MNO0inV7.pdf успешно перемещён в директорию Documents
[LOG] 2025/11/09 19:53:51 [SUCCESS] Файл MSq4jv.mp3 успешно перемещён в директорию Music
[LOG] 2025/11/09 19:53:51 [SUCCESS] Файл MhqOyo66ASUpkM.txt успешно перемещён в директорию Documents
[LOG] 2025/11/09 19:53:51 [SUCCESS] Файл MnoFXciNZ.doc успешно перемещён в директорию Documents
[LOG] 2025/11/09 19:53:51 [SUCCESS] Файл NZZpLB4YQtZ.zip успешно перемещён в директорию Archives
[LOG] 2025/11/09 19:53:51 [SUCCESS] Файл NtK6rTYi.doc успешно перемещён в директорию Documents
[LOG] 2025/11/09 19:53:51 [SUCCESS] Файл O4Gx3XXOMy.pdf успешно перемещён в директорию Documents
[LOG] 2025/11/09 19:53:51 [SUCCESS] Файл ORVhoQgxoUL.txt успешно перемещён в директорию Documents
[LOG] 2025/11/09 19:53:51 [SUCCESS] Файл PVxtlsmDAP.jpeg успешно перемещён в директорию Images
[LOG] 2025/11/09 19:53:51 [SUCCESS] Файл Q3pXD6I.pdf успешно перемещён в директорию Documents
[LOG] 2025/11/09 19:53:51 [SUCCESS] Файл Qor2dS.doc успешно перемещён в директорию Documents
[LOG] 2025/11/09 19:53:51 [SUCCESS] Файл RGakPk.pdf успешно перемещён в директорию Documents
[LOG] 2025/11/09 19:53:51 [SUCCESS] Файл RmO3ahIFf87a3.jpg успешно перемещён в директорию Images
[LOG] 2025/11/09 19:53:51 [SUCCESS] Файл SAyixORV.avi успешно перемещён в директорию Video
[LOG] 2025/11/09 19:53:51 [SUCCESS] Файл T3j7QEh.pdf успешно перемещён в директорию Documents
[LOG] 2025/11/09 19:53:51 [SUCCESS] Файл T972c0exXa68RA.zip успешно перемещён в директорию Archives
[LOG] 2025/11/09 19:53:51 [SUCCESS] Файл TOIAaKGM0Y3TWN.docx успешно перемещён в директорию Documents
[LOG] 2025/11/09 19:53:51 [SUCCESS] Файл URipRribvT4KH.doc успешно перемещён в директорию Documents
[LOG] 2025/11/09 19:53:51 [SUCCESS] Файл UafG6.jpeg успешно перемещён в директорию Images
[LOG] 2025/11/09 19:53:51 [SUCCESS] Файл UhhHt9QX.wav успешно перемещён в директорию Music
[LOG] 2025/11/09 19:53:51 [SUCCESS] Файл UiTUXTmkwgsu.docx успешно перемещён в директорию Documents
[LOG] 2025/11/09 19:53:51 [SUCCESS] Файл UjHtZy.txt успешно перемещён в директорию Documents
[LOG] 2025/11/09 19:53:51 [SUCCESS] Файл UkKn6EJAhZGbq.zip успешно перемещён в директорию Archives
[LOG] 2025/11/09 19:53:51 [SUCCESS] Файл VKAWBJiD.mp3 успешно перемещён в директорию Music
[LOG] 2025/11/09 19:53:51 [SUCCESS] Файл VLiJykvX1P5wmD.doc успешно перемещён в директорию Documents
[LOG] 2025/11/09 19:53:51 [SUCCESS] Файл X11QoTvDRnnJ5.rar успешно перемещён в директорию Archives
[LOG] 2025/11/09 19:53:51 [SUCCESS] Файл XFd3wUyBf6AKJw.rar успешно перемещён в директорию Archives
[LOG] 2025/11/09 19:53:51 [SUCCESS] Файл ZtBitDF3z5.txt успешно перемещён в директорию Documents
[LOG] 2025/11/09 19:53:51 [SUCCESS] Файл aXVnD.jpeg успешно перемещён в директорию Images
[LOG] 2025/11/09 19:53:51 [SUCCESS] Файл aaWHV6uK.rar успешно перемещён в директорию Archives
[LOG] 2025/11/09 19:53:51 [SUCCESS] Файл b6ojxnlw0xU5W.rar успешно перемещён в директорию Archives
[LOG] 2025/11/09 19:53:51 [SUCCESS] Файл bVc1XaXKnVt.docx успешно перемещён в директорию Documents
[LOG] 2025/11/09 19:53:51 [SUCCESS] Файл bbkBf0lMo8p.png успешно перемещён в директорию Images
[LOG] 2025/11/09 19:53:51 [SUCCESS] Файл dlaLr.jpeg успешно перемещён в директорию Images
[LOG] 2025/11/09 19:53:51 [SUCCESS] Файл eYJacuX.png успешно перемещён в директорию Images
[LOG] 2025/11/09 19:53:51 [SUCCESS] Файл ezhwxgf9Nk.wav успешно перемещён в директорию Music
[LOG] 2025/11/09 19:53:51 [SUCCESS] Файл fYsZlsHrQU9EH.txt успешно перемещён в директорию Documents
[LOG] 2025/11/09 19:53:51 [SUCCESS] Файл ftvQV0umfQuCS.jpeg успешно перемещён в директорию Images
[LOG] 2025/11/09 19:53:51 [SUCCESS] Файл gD3YMpx3D.mp3 успешно перемещён в директорию Music
[LOG] 2025/11/09 19:53:51 [SUCCESS] Файл gWWFPiA4kNm.txt успешно перемещён в директорию Documents
[LOG] 2025/11/09 19:53:51 [SUCCESS] Файл gmiktKyPMEul.doc успешно перемещён в директорию Documents
[LOG] 2025/11/09 19:53:51 [SUCCESS] Файл iTno4DWK.pdf успешно перемещён в директорию Documents
[LOG] 2025/11/09 19:53:51 [SUCCESS] Файл jYn9FELAv.pdf успешно перемещён в директорию Documents
[LOG] 2025/11/09 19:53:51 [SUCCESS] Файл lJX9kjuJ.docx успешно перемещён в директорию Documents
[LOG] 2025/11/09 19:53:51 [SUCCESS] Файл m4nUB.mp4 успешно перемещён в директорию Video
[LOG] 2025/11/09 19:53:51 [SUCCESS] Файл mPpf80KGSJZH.rar успешно перемещён в директорию Archives
[LOG] 2025/11/09 19:53:51 [SUCCESS] Файл mThMJh8YKkFoE.avi успешно перемещён в директорию Video
[LOG] 2025/11/09 19:53:51 [SUCCESS] Файл ncvUIGl0F9NyM.docx успешно перемещён в директорию Documents
[LOG] 2025/11/09 19:53:51 [SUCCESS] Файл nhcnTEdPsR.jpg успешно перемещён в директорию Images
[LOG] 2025/11/09 19:53:51 [SUCCESS] Файл ogjgFe7hjD.wav успешно перемещён в директорию Music
[LOG] 2025/11/09 19:53:51 [SUCCESS] Файл p3d3GysTqeWN1.doc успешно перемещён в директорию Documents
[LOG] 2025/11/09 19:53:51 [SUCCESS] Файл pRhX6oczk.mp3 успешно перемещён в директорию Music
[LOG] 2025/11/09 19:53:51 [SUCCESS] Файл pg1fV.docx успешно перемещён в директорию Documents
[LOG] 2025/11/09 19:53:51 [SUCCESS] Файл pp7cR.jpeg успешно перемещён в директорию Images
[LOG] 2025/11/09 19:53:51 [SUCCESS] Файл pw86BiUEn0l.jpg успешно перемещён в директорию Images
[LOG] 2025/11/09 19:53:51 [SUCCESS] Файл qhuDFyVrCXQD.doc успешно перемещён в директорию Documents
[LOG] 2025/11/09 19:53:51 [SUCCESS] Файл rPGJu.docx успешно перемещён в директорию Documents
[LOG] 2025/11/09 19:53:51 [SUCCESS] Файл rXK4XUASMBsSx.jpeg успешно перемещён в директорию Images
[LOG] 2025/11/09 19:53:51 [SUCCESS] Файл ufs8w9KOoW0U6d.pdf успешно перемещён в директорию Documents
[LOG] 2025/11/09 19:53:51 [SUCCESS] Файл wF4IlI5EOvZ.png успешно перемещён в директорию Images
[LOG] 2025/11/09 19:53:51 [SUCCESS] Файл wSieHtKpBzS54.txt успешно перемещён в директорию Documents
[LOG] 2025/11/09 19:53:51 [SUCCESS] Файл wTxeiVWXKw.doc успешно перемещён в директорию Documents
[LOG] 2025/11/09 19:53:51 [SUCCESS] Файл x78hZktR.jpg успешно перемещён в директорию Images
[LOG] 2025/11/09 19:53:51 [SUCCESS] Файл xBZqIaeKgj.jpeg успешно перемещён в директорию Images
[LOG] 2025/11/09 19:53:51 [SUCCESS] Файл xeptK.pdf успешно перемещён в директорию Documents
[LOG] 2025/11/09 19:53:52 [SUCCESS] Файл xnDqL0hbL8P.png успешно перемещён в директорию Images
[LOG] 2025/11/09 19:53:52 [SUCCESS] Файл yLoE0qmiz1RA.avi успешно перемещён в директорию Video
[LOG] 2025/11/09 19:53:52 [SUCCESS] Файл yXf8TyDQ.png успешно перемещён в директорию Images
[LOG] 2025/11/09 19:53:52 [SUCCESS] Файл yp4IYDn.jpg успешно перемещён в директорию Images
[LOG] 2025/11/09 19:53:52 [SUCCESS] Файл zJKdNNbns9.rar успешно перемещён в директорию Archives
2025/11/09 19:55:13 [SUCCESS] Файл 0OeND9S1Cn8k.rar успешно перемещён в директорию Archives
2025/11/09 19:55:13 [SUCCESS] Файл 14UFP.jpg успешно перемещён в директорию Images
2025/11/09 19:55:13 [SUCCESS] Файл 1L7OG.zip успешно перемещён в директорию Archives
2025/11/09 19:55:13 [SUCCESS] Файл 1dl4qu.avi успешно перемещён в директорию Video
2025/11/09 19:55:13 [SUCCESS] Файл 3ZjWKTBPY.zip успешно перемещён в директорию Archives
2025/11/09 19:55:13 [SUCCESS] Файл 3upo05ik.jpeg успешно перемещён в директорию Images
2025/11/09 19:55:13 [SUCCESS] Файл 40ztqx4lBw.zip успешно перемещён в директорию Archives
2025/11/09 19:55:14 [SUCCESS] Файл 4jqWFbrA.zip успешно перемещён в директорию Archives
2025/11/09 19:55:14 [SUCCESS] Файл 4xf2NnF.zip успешно перемещён в директорию Archives
2025/11/09 19:55:14 [SUCCESS] Файл 6aPTICgQ.png успешно перемещён в директорию Images
2025/11/09 19:55:14 [SUCCESS] Файл 7TKFjQFxN.png успешно перемещён в директорию Images
2025/11/09 19:55:14 [SUCCESS] Файл 7grKxZK91aT.avi успешно перемещён в директорию Video
2025/11/09 19:55:14 [SUCCESS] Файл 8BHj53M5b.wav успешно перемещён в директорию Music
2025/11/09 19:55:14 [SUCCESS] Файл 8PfAHuukjepL.doc успешно перемещён в директорию Documents
2025/11/09 19:55:14 [SUCCESS] Файл 9JK8qVzKOvG.pdf успешно перемещён в директорию Documents
2025/11/09 19:55:14 [SUCCESS] Файл A8FDIbwoI.rar успешно перемещён в директорию Archives
2025/11/09 19:55:14 [SUCCESS] Файл AOS03.mp4 успешно перемещён в директорию Video
2025/11/09 19:55:14 [SUCCESS] Файл AbVyVam3.zip успешно перемещён в директорию Archives
2025/11/09 19:55:14 [SUCCESS] Файл Algtnf1h0KtB.png успешно перемещён в директорию Images
2025/11/09 19:55:14 [SUCCESS] Файл BBnszWHghINMhx.jpeg успешно перемещён в директорию Images
2025/11/09 19:55:14 [SUCCESS] Файл BqjjZG.mp3 успешно перемещён в директорию Music
2025/11/09 19:55:14 [SUCCESS] Файл CbT3nBHpYAq.wav успешно перемещён в директорию Music
2025/11/09 19:55:14 [SUCCESS] Файл CsxUup1ub.zip успешно перемещён в директорию Archives
2025/11/09 19:55:14 [SUCCESS] Файл E0m1h.avi успешно перемещён в директорию Video
2025/11/09 19:55:14 [SUCCESS] Файл Eel1kKhiNN7.wav успешно перемещён в директорию Music
2025/11/09 19:55:14 [SUCCESS] Файл EmxJcKKEvCzn.mp4 успешно перемещён в директорию Video
2025/11/09 19:55:14 [SUCCESS] Файл EsSPelCBdBnGA.avi успешно перемещён в директорию Video
2025/11/09 19:55:14 [SUCCESS] Файл Fb6QPakekvMPxR.zip успешно перемещён в директорию Archives
2025/11/09 19:55:14 [SUCCESS] Файл GKMNIyp5Lw74gX.wav успешно перемещён в директорию Music
2025/11/09 19:55:14 [SUCCESS] Файл GdcKS5j1p.docx успешно перемещён в директорию Documents
2025/11/09 19:55:14 [SUCCESS] Файл HmSu4hA.mp3 успешно перемещён в директорию Music
2025/11/09 19:55:14 [SUCCESS] Файл HufVI8.rar успешно перемещён в директорию Archives
2025/11/09 19:55:14 [SUCCESS] Файл I8fDwvZ7j.pdf успешно перемещён в директорию Documents
2025/11/09 19:55:14 [SUCCESS] Файл IroIWiRixKCW.pdf успешно перемещён в директорию Documents
2025/11/09 19:55:14 [SUCCESS] Файл JnIzn.mp3 успешно перемещён в директорию Music
2025/11/09 19:55:14 [SUCCESS] Файл KPOxHYHU.doc успешно перемещён в директорию Documents
2025/11/09 19:55:14 [SUCCESS] Файл KjqW7muioje5.mp4 успешно перемещён в директорию Video
2025/11/09 19:55:14 [SUCCESS] Файл KxHfWt43.doc успешно перемещён в директорию Documents
2025/11/09 19:55:14 [SUCCESS] Файл LCFUHLDpNId.mp3 успешно перемещён в директорию Music
2025/11/09 19:55:14 [SUCCESS] Файл LiazGDN7xmC.mp4 успешно перемещён в директорию Video
2025/11/09 19:55:14 [SUCCESS] Файл NRINz4EctTOl.jpeg успешно перемещён в директорию Images
2025/11/09 19:55:14 [SUCCESS] Файл NiAox0Up4wP.jpg успешно перемещён в директорию Images
2025/11/09 19:55:14 [SUCCESS] Файл OTL3WElYROabcs.pdf успешно перемещён в директорию Documents
2025/11/09 19:55:14 [SUCCESS] Файл OYRco8U.docx успешно перемещён в директорию Documents
2025/11/09 19:55:14 [SUCCESS] Файл OgoOwh.jpeg успешно перемещён в директорию Images
2025/11/09 19:55:14 [SUCCESS] Файл PMBLGC1ZopA.zip успешно перемещён в директорию Archives
2025/11/09 19:55:14 [SUCCESS] Файл PXMwL86x7.jpg успешно перемещён в директорию Images
2025/11/09 19:55:14 [SUCCESS] Файл Q6RdjuWxTAYiJJ.png успешно перемещён в директорию Images
2025/11/09 19:55:14 [SUCCESS] Файл Qo3eQhCxkMrg3.zip успешно перемещён в директорию Archives
2025/11/09 19:55:14 [SUCCESS] Файл R97JSqMEz01u.doc успешно перемещён в директорию Documents
2025/11/09 19:55:14 [SUCCESS] Файл RPNsMtZbL.mp3 успешно перемещён в директорию Music
2025/11/09 19:55:14 [SUCCESS] Файл T9INg344Bt8.mp4 успешно перемещён в директорию Video
2025/11/09 19:55:14 [SUCCESS] Файл TTb14weg3IdP8L.rar успешно перемещён в директорию Archives
2025/11/09 19:55:14 [SUCCESS] Файл TwUidwR.doc успешно перемещён в директорию Documents
2025/11/09 19:55:14 [SUCCESS] Файл U1gxdGALI.png успешно перемещён в директорию Images
2025/11/09 19:55:14 [SUCCESS] Файл U5S59b4jbLC7q.jpg успешно перемещён в директорию Images
2025/11/09 19:55:14 [SUCCESS] Файл UVGJbylvy.mp4 успешно перемещён в директорию Video
2025/11/09 19:55:14 [SUCCESS] Файл VOvt154vDE.doc успешно перемещён в директорию Documents
2025/11/09 19:55:14 [SUCCESS] Файл VP0YeQ.avi успешно перемещён в директорию Video
2025/11/09 19:55:14 [SUCCESS] Файл XF8QewgRZ294.mp4 успешно перемещён в директорию Video
2025/11/09 19:55:14 [SUCCESS] Файл XTE7N.avi успешно перемещён в директорию Video
2025/11/09 19:55:14 [SUCCESS] Файл YEVu7u69n.pdf успешно перемещён в директорию Documents
2025/11/09 19:55:14 [SUCCESS] Файл YUHTw5.txt успешно перемещён в директорию Documents
2025/11/09 19:55:14 [SUCCESS] Файл aC5wJ0D.rar успешно перемещён в директорию Archives
2025/11/09 19:55:14 [SUCCESS] Файл aiq6Bh7ERS2BP.png успешно перемещён в директорию Images
2025/11/09 19:55:14 [SUCCESS] Файл cJpqyLWaIQAK1G.rar успешно перемещён в директорию Archives
2025/11/09 19:55:14 [SUCCESS] Файл eJIYrhP.avi успешно перемещён в директорию Video
2025/11/09 19:55:14 [SUCCESS] Файл gwhud7.docx успешно перемещён в директорию Documents
2025/11/09 19:55:14 [SUCCESS] Файл hhG9in.wav успешно перемещён в директорию Music
2025/11/09 19:55:14 [SUCCESS] Файл iANkX1x.zip успешно перемещён в директорию Archives
2025/11/09 19:55:14 [SUCCESS] Файл iLPWfL.avi успешно перемещён в директорию Video
2025/11/09 19:55:14 [SUCCESS] Файл isNxK3F.pdf успешно перемещён в директорию Documents
2025/11/09 19:55:14 [SUCCESS] Файл jOk90V9aC0.avi успешно перемещён в директорию Video
2025/11/09 19:55:14 [SUCCESS] Файл jRZuy61BA.mp3 успешно перемещён в директорию Music
2025/11/09 19:55:14 [SUCCESS] Файл jnmes3iU6lZTKj.png успешно перемещён в директорию Images
2025/11/09 19:55:14 [SUCCESS] Файл k2LIO.docx успешно перемещён в директорию Documents
2025/11/09 19:55:14 [SUCCESS] Файл l357U.jpeg успешно перемещён в директорию Images
2025/11/09 19:55:14 [SUCCESS] Файл l3VTjCNBAIs.jpg успешно перемещён в директорию Images
2025/11/09 19:55:14 [SUCCESS] Файл liJve981HC.txt успешно перемещён в директорию Documents
2025/11/09 19:55:14 [SUCCESS] Файл m9AC0OiIyuNI.txt успешно перемещён в директорию Documents
2025/11/09 19:55:14 [SUCCESS] Файл muIeXW8tpRtq.pdf успешно перемещён в директорию Documents
2025/11/09 19:55:14 [SUCCESS] Файл nPMvYV.jpeg успешно перемещён в директорию Images
2025/11/09 19:55:14 [SUCCESS] Файл oC3vM.avi успешно перемещён в директорию Video
2025/11/09 19:55:14 [SUCCESS] Файл oF4mQ7pcr4JeW.txt успешно перемещён в директорию Documents
2025/11/09 19:55:14 [SUCCESS] Файл p9jpHHf.avi успешно перемещён в директорию Video
2025/11/09 19:55:14 [SUCCESS] Файл pVFF1i.wav успешно перемещён в директорию Music
2025/11/09 19:55:14 [SUCCESS] Файл qGUb7.wav успешно перемещён в директорию Music
2025/11/09 19:55:14 [SUCCESS] Файл rH3waZe62SNePb.avi успешно перемещён в директорию Video
2025/11/09 19:55:14 [SUCCESS] Файл rYOky0z.avi успешно перемещён в директорию Video
2025/11/09 19:55:14 [SUCCESS] Файл rn7emdQnyKA.mp4 успешно перемещён в директорию Video
2025/11/09 19:55:14 [SUCCESS] Файл sFw6aOFJzNJG.mp3 успешно перемещён в директорию Music
2025/11/09 19:55:14 [SUCCESS] Файл suQftooiN.jpg успешно перемещён в директорию Images
2025/11/09 19:55:14 [SUCCESS] Файл u9foZfW0PmQ.txt успешно перемещён в директорию Documents
2025/11/09 19:55:14 [SUCCESS] Файл vGABuGtcaD7ma0.avi успешно перемещён в директорию Video
2025/11/09 19:55:14 [SUCCESS] Файл wSjxZSSPE.wav успешно перемещён в директорию Music
2025/11/09 19:55:14 [SUCCESS] Файл xsvHTza4ObCf.pdf успешно перемещён в директорию Documents
2025/11/09 19:55:14 [SUCCESS] Файл yBJMA1NmbzrO.avi успешно перемещён в директорию Video
2025/11/09 19:55:14 [SUCCESS] Файл yDHy2NtayW.png успешно перемещён в директорию Images
2025/11/09 19:55:14 [SUCCESS] Файл yzol2jv0Y.txt успешно перемещён в директорию Documents
2025/11/09 19:55:14 [SUCCESS] Файл zBC4pL.zip успешно перемещён в директорию Archives
2025/11/09 19:59:31 [SUCCESS] Файл 0a9rA6TnJr0tDh.jpeg успешно перемещён в директорию Images
2025/11/09 19:59:31 [SUCCESS] Файл 0afXDoV9zHx.docx успешно перемещён в директорию Documents
2025/11/09 19:59:31 [SUCCESS] Файл 1FNwAOnmDfiWxU.jpg успешно перемещён в директорию Images
2025/11/09 19:59:31 [SUCCESS] Файл 1oB0t3.pdf успешно перемещён в директорию Documents
2025/11/09 19:59:31 [SUCCESS] Файл 2IE0FFksajFtU.png успешно перемещён в директорию Images
2025/11/09 19:59:31 [SUCCESS] Файл 3QSp26LIy.jpeg успешно перемещён в директорию Images
2025/11/09 19:59:31 [SUCCESS] Файл 3TrcLf.docx успешно перемещён в директорию Documents
2025/11/09 19:59:31 [SUCCESS] Файл 5ftWdQLZD6OZ.mp3 успешно перемещён в директорию Music
2025/11/09 19:59:31 [SUCCESS] Файл 7NzZVre.txt успешно перемещён в директорию Documents
2025/11/09 19:59:31 [SUCCESS] Файл 7dRODe8.jpeg успешно перемещён в директорию Images
2025/11/09 19:59:31 [SUCCESS] Файл 7jKpK2vls8wq.pdf успешно перемещён в директорию Documents
2025/11/09 19:59:31 [SUCCESS] Файл 7woVgd.rar успешно перемещён в директорию Archives
2025/11/09 19:59:31 [SUCCESS] Файл 8F4VwJ.doc успешно перемещён в директорию Documents
2025/11/09 19:59:31 [SUCCESS] Файл 8Uvfdzww5.txt успешно перемещён в директорию Documents
2025/11/09 19:59:31 [SUCCESS] Файл 0OeND9S1Cn8k_2025-11-09_19-59-31.rar успешно перемещён в директорию Archives
2025/11/09 19:59:32 [SUCCESS] Файл 1L7OG_2025-11-09_19-59-32.zip успешно перемещён в директорию Archives
2025/11/09 19:59:32 [SUCCESS] Файл 3ZjWKTBPY_2025-11-09_19-59-32.zip успешно перемещён в директорию Archives
2025/11/09 19:59:32 [SUCCESS] Файл 40ztqx4lBw_2025-11-09_19-59-32.zip успешно перемещён в директорию Archives
2025/11/09 19:59:32 [SUCCESS] Файл 4jqWFbrA_2025-11-09_19-59-32.zip успешно перемещён в директорию Archives
2025/11/09 19:59:32 [SUCCESS] Файл 4xf2NnF_2025-11-09_19-59-32.zip успешно перемещён в директорию Archives
2025/11/09 19:59:32 [SUCCESS] Файл 7woVgd_2025-11-09_19-59-32.rar успешно перемещён в директорию Archives
2025/11/09 19:59:32 [SUCCESS] Файл A8FDIbwoI_2025-11-09_19-59-32.rar успешно перемещён в директорию Archives
2025/11/09 19:59:32 [SUCCESS] Файл AbVyVam3_2025-11-09_19-59-32.zip успешно перемещён в директорию Archives
2025/11/09 19:59:32 [SUCCESS] Файл CsxUup1ub_2025-11-09_19-59-32.zip успешно перемещён в директорию Archives
2025/11/09 19:59:32 [SUCCESS] Файл Fb6QPakekvMPxR_2025-11-09_19-59-32.zip успешно перемещён в директорию Archives
2025/11/09 19:59:32 [SUCCESS] Файл HufVI8_2025-11-09_19-59-32.rar успешно перемещён в директорию Archives
2025/11/09 19:59:32 [SUCCESS] Файл PMBLGC1ZopA_2025-11-09_19-59-32.zip успешно перемещён в директорию Archives
2025/11/09 19:59:32 [SUCCESS] Файл Qo3eQhCxkMrg3_2025-11-09_19-59-32.zip успешно перемещён в директорию Archives
2025/11/09 19:59:32 [SUCCESS] Файл TTb14weg3IdP8L_2025-11-09_19-59-32.rar успешно перемещён в директорию Archives
2025/11/09 19:59:32 [SUCCESS] Файл aC5wJ0D_2025-11-09_19-59-32.rar успешно перемещён в директорию Archives
2025/11/09 19:59:32 [SUCCESS] Файл cJpqyLWaIQAK1G_2025-11-09_19-59-32.rar успешно перемещён в директорию Archives
2025/11/09 19:59:32 [SUCCESS] Файл iANkX1x_2025-11-09_19-59-32.zip успешно перемещён в директорию Archives
2025/11/09 19:59:32 [SUCCESS] Файл zBC4pL_2025-11-09_19-59-32.zip успешно перемещён в директорию Archives
2025/11/09 19:59:32 [SUCCESS] Файл BnZFj.mp3 успешно перемещён в директорию Music
2025/11/09 19:59:32 [SUCCESS] Файл BreRC00J9.mp3 успешно перемещён в директорию Music
2025/11/09 19:59:32 [SUCCESS] Файл CMlaM4tyxRz.zip успешно перемещён в директорию Archives
2025/11/09 19:59:32 [SUCCESS] Файл CvMPn5.zip успешно перемещён в директорию Archives
2025/11/09 19:59:32 [SUCCESS] Файл 0afXDoV9zHx_2025-11-09_19-59-32.docx успешно перемещён в директорию Documents
2025/11/09 19:59:32 [SUCCESS] Файл 1oB0t3_2025-11-09_19-59-32.pdf успешно перемещён в директорию Documents
2025/11/09 19:59:32 [SUCCESS] Файл 3TrcLf_2025-11-09_19-59-32.docx успешно перемещён в директорию Documents
2025/11/09 19:59:32 [SUCCESS] Файл 7NzZVre_2025-11-09_19-59-32.txt успешно перемещён в директорию Documents
2025/11/09 19:59:32 [SUCCESS] Файл 7jKpK2vls8wq_2025-11-09_19-59-32.pdf успешно перемещён в директорию Documents
2025/11/09 19:59:32 [SUCCESS] Файл 8F4VwJ_2025-11-09_19-59-32.doc успешно перемещён в директорию Documents
2025/11/09 19:59:32 [SUCCESS] Файл 8PfAHuukjepL_2025-11-09_19-59-32.doc успешно перемещён в директорию Documents
2025/11/09 19:59:32 [SUCCESS] Файл 8Uvfdzww5_2025-11-09_19-59-32.txt успешно перемещён в директорию Documents
2025/11/09 19:59:32 [SUCCESS] Файл 9JK8qVzKOvG_2025-11-09_19-59-32.pdf успешно перемещён в директорию Documents
2025/11/09 19:59:32 [SUCCESS] Файл GdcKS5j1p_2025-11-09_19-59-32.docx успешно перемещён в директорию Documents
2025/11/09 19:59:32 [SUCCESS] Файл I8fDwvZ7j_2025-11-09_19-59-32.pdf успешно перемещён в директорию Documents
2025/11/09 19:59:32 [SUCCESS] Файл IroIWiRixKCW_2025-11-09_19-59-32.pdf успешно перемещён в директорию Documents
2025/11/09 19:59:32 [SUCCESS] Файл KPOxHYHU_2025-11-09_19-59-32.doc успешно перемещён в директорию Documents
2025/11/09 19:59:32 [SUCCESS] Файл KxHfWt43_2025-11-09_19-59-32.doc успешно перемещён в директорию Documents
2025/11/09 19:59:32 [SUCCESS] Файл OTL3WElYROabcs_2025-11-09_19-59-32.pdf успешно перемещён в директорию Documents
2025/11/09 19:59:32 [SUCCESS] Файл OYRco8U_2025-11-09_19-59-32.docx успешно перемещён в директорию Documents
2025/11/09 19:59:32 [SUCCESS] Файл R97JSqMEz01u_2025-11-09_19-59-32.doc успешно перемещён в директорию Documents
2025/11/09 19:59:32 [SUCCESS] Файл TwUidwR_2025-11-09_19-59-32.doc успешно перемещён в директорию Documents
2025/11/09 19:59:32 [SUCCESS] Файл VOvt154vDE_2025-11-09_19-59-32.doc успешно перемещён в директорию Documents
2025/11/09 19:59:32 [SUCCESS] Файл YEVu7u69n_2025-11-09_19-59-32.pdf успешно перемещён в директорию Documents
2025/11/09 19:59:32 [SUCCESS] Файл YUHTw5_2025-11-09_19-59-32.txt успешно перемещён в директорию Documents
2025/11/09 19:59:32 [SUCCESS] Файл gwhud7_2025-11-09_19-59-32.docx успешно перемещён в директорию Documents
2025/11/09 19:59:32 [SUCCESS] Файл isNxK3F_2025-11-09_19-59-32.pdf успешно перемещён в директорию Documents
2025/11/09 19:59:32 [SUCCESS] Файл k2LIO_2025-11-09_19-59-32.docx успешно перемещён в директорию Documents
2025/11/09 19:59:32 [SUCCESS] Файл liJve981HC_2025-11-09_19-59-32.txt успешно перемещён в директорию Documents
2025/11/09 19:59:32 [SUCCESS] Файл m9AC0OiIyuNI_2025-11-09_19-59-32.txt успешно перемещён в директорию Documents
2025/11/09 19:59:32 [SUCCESS] Файл muIeXW8tpRtq_2025-11-09_19-59-32.pdf успешно перемещён в директорию Documents
2025/11/09 19:59:32 [SUCCESS] Файл oF4mQ7pcr4JeW_2025-11-09_19-59-32.txt успешно перемещён в директорию Documents
2025/11/09 19:59:32 [SUCCESS] Файл u9foZfW0PmQ_2025-11-09_19-59-32.txt успешно перемещён в директорию Documents
2025/11/09 19:59:32 [SUCCESS] Файл xsvHTza4ObCf_2025-11-09_19-59-32.pdf успешно перемещён в директорию Documents
2025/11/09 19:59:32 [SUCCESS] Файл yzol2jv0Y_2025-11-09_19-59-32.txt успешно перемещён в директорию Documents
2025/11/09 19:59:32 [SUCCESS] Файл Duerjx.docx успешно перемещён в директорию Documents
2025/11/09 19:59:32 [SUCCESS] Файл Dyo5DQKVE0jVH.doc успешно перемещён в директорию Documents
2025/11/09 19:59:32 [SUCCESS] Файл E54PMrzaaua.mp4 успешно перемещён в директорию Video
2025/11/09 19:59:32 [SUCCESS] Файл FKS24.pdf успешно перемещён в директорию Documents
2025/11/09 19:59:32 [SUCCESS] Файл HKIOA.mp3 успешно перемещён в директорию Music
2025/11/09 19:59:32 [SUCCESS] Файл HMucMyws2RB.jpg успешно перемещён в директорию Images
2025/11/09 19:59:32 [SUCCESS] Файл HUy9Dmh4FTPXjs.wav успешно перемещён в директорию Music
2025/11/09 19:59:32 [SUCCESS] Файл IFwbmNNtEy.pdf успешно перемещён в директорию Documents
2025/11/09 19:59:32 [SUCCESS] Файл IhXKVY.jpg успешно перемещён в директорию Images
2025/11/09 19:59:32 [SUCCESS] Файл 0a9rA6TnJr0tDh_2025-11-09_19-59-32.jpeg успешно перемещён в директорию Images
2025/11/09 19:59:32 [SUCCESS] Файл 14UFP_2025-11-09_19-59-32.jpg успешно перемещён в директорию Images
2025/11/09 19:59:32 [SUCCESS] Файл 1FNwAOnmDfiWxU_2025-11-09_19-59-32.jpg успешно перемещён в директорию Images
2025/11/09 19:59:32 [SUCCESS] Файл 2IE0FFksajFtU_2025-11-09_19-59-32.png успешно перемещён в директорию Images
2025/11/09 19:59:32 [SUCCESS] Файл 3QSp26LIy_2025-11-09_19-59-32.jpeg успешно перемещён в директорию Images
2025/11/09 19:59:32 [SUCCESS] Файл 3upo05ik_2025-11-09_19-59-32.jpeg успешно перемещён в директорию Images
2025/11/09 19:59:32 [SUCCESS] Файл 6aPTICgQ_2025-11-09_19-59-32.png успешно перемещён в директорию Images
2025/11/09 19:59:32 [SUCCESS] Файл 7TKFjQFxN_2025-11-09_19-59-32.png успешно перемещён в директорию Images
2025/11/09 19:59:32 [SUCCESS] Файл 7dRODe8_2025-11-09_19-59-32.jpeg успешно перемещён в директорию Images
2025/11/09 19:59:32 [SUCCESS] Файл Algtnf1h0KtB_2025-11-09_19-59-32.png успешно перемещён в директорию Images
2025/11/09 19:59:32 [SUCCESS] Файл BBnszWHghINMhx_2025-11-09_19-59-32.jpeg успешно перемещён в директорию Images
2025/11/09 19:59:32 [SUCCESS] Файл HMucMyws2RB_2025-11-09_19-59-32.jpg успешно перемещён в директорию Images
2025/11/09 19:59:32 [SUCCESS] Файл IhXKVY_2025-11-09_19-59-32.jpg успешно перемещён в директорию Images
2025/11/09 19:59:32 [SUCCESS] Файл NRINz4EctTOl_2025-11-09_19-59-32.jpeg успешно перемещён в директорию Images
2025/11/09 19:59:32 [SUCCESS] Файл NiAox0Up4wP_2025-11-09_19-59-32.jpg успешно перемещён в директорию Images
2025/11/09 19:59:32 [SUCCESS] Файл OgoOwh_2025-11-09_19-59-32.jpeg успешно перемещён в директорию Images
2025/11/09 19:59:32 [SUCCESS] Файл PXMwL86x7_2025-11-09_19-59-32.jpg успешно перемещён в директорию Images
2025/11/09 19:59:32 [SUCCESS] Файл Q6RdjuWxTAYiJJ_2025-11-09_19-59-32.png успешно перемещён в директорию Images
2025/11/09 19:59:32 [SUCCESS] Файл U1gxdGALI_2025-11-09_19-59-32.png успешно перемещён в директорию Images
2025/11/09 19:59:32 [SUCCESS] Файл U5S59b4jbLC7q_2025-11-09_19-59-32.jpg успешно перемещён в директорию Images
2025/11/09 19:59:32 [SUCCESS] Файл aiq6Bh7ERS2BP_2025-11-09_19-59-32.png успешно перемещён в директорию Images
2025/11/09 19:59:32 [SUCCESS] Файл jnmes3iU6lZTKj_2025-11-09_19-59-32.png успешно перемещён в директорию Images
2025/11/09 19:59:32 [SUCCESS] Файл l357U_2025-11-09_19-59-32.jpeg успешно перемещён в директорию Images
2025/11/09 19:59:32 [SUCCESS] Файл l3VTjCNBAIs_2025-11-09_19-59-32.jpg успешно перемещён в директорию Images
2025/11/09 19:59:32 [SUCCESS] Файл nPMvYV_2025-11-09_19-59-32.jpeg успешно перемещён в директорию Images
2025/11/09 19:59:32 [SUCCESS] Файл suQftooiN_2025-11-09_19-59-32.jpg успешно перемещён в директорию Images
2025/11/09 19:59:32 [SUCCESS] Файл yDHy2NtayW_2025-11-09_19-59-32.png успешно перемещён в директорию Images
2025/11/09 19:59:32 [SUCCESS] Файл J37u3r0oEi223.rar успешно перемещён в директорию Archives
2025/11/09 19:59:32 [SUCCESS] Файл JUwwxBG.mp4 успешно перемещён в директорию Video
2025/11/09 19:59:32 [SUCCESS] Файл KB1QEDtIOFipI.zip успешно перемещён в директорию Archives
2025/11/09 19:59:32 [SUCCESS] Файл KK5i0iZH.pdf успешно перемещён в директорию Documents
2025/11/09 19:59:32 [SUCCESS] Файл KVTa9uwV.zip успешно перемещён в директорию Archives
2025/11/09 19:59:32 [SUCCESS] Файл KYrw7M.png успешно перемещён в директорию Images
2025/11/09 19:59:32 [SUCCESS] Файл KlKfkTpyvo.jpg успешно перемещён в директорию Images
2025/11/09 19:59:32 [SUCCESS] Файл 5ftWdQLZD6OZ_2025-11-09_19-59-32.mp3 успешно перемещён в директорию Music
2025/11/09 19:59:32 [SUCCESS] Файл 8BHj53M5b_2025-11-09_19-59-32.wav успешно перемещён в директорию Music
2025/11/09 19:59:32 [SUCCESS] Файл BnZFj_2025-11-09_19-59-32.mp3 успешно перемещён в директорию Music
2025/11/09 19:59:32 [SUCCESS] Файл BqjjZG_2025-11-09_19-59-32.mp3 успешно перемещён в директорию Music
2025/11/09 19:59:32 [SUCCESS] Файл BreRC00J9_2025-11-09_19-59-32.mp3 успешно перемещён в директорию Music
2025/11/09 19:59:32 [SUCCESS] Файл CbT3nBHpYAq_2025-11-09_19-59-32.wav успешно перемещён в директорию Music
2025/11/09 19:59:32 [SUCCESS] Файл Eel1kKhiNN7_2025-11-09_19-59-32.wav успешно перемещён в директорию Music
2025/11/09 19:59:32 [SUCCESS] Файл GKMNIyp5Lw74gX_2025-11-09_19-59-32.wav успешно перемещён в директорию Music
2025/11/09 19:59:32 [SUCCESS] Файл HKIOA_2025-11-09_19-59-32.mp3 успешно перемещён в директорию Music
2025/11/09 19:59:32 [SUCCESS] Файл HUy9Dmh4FTPXjs_2025-11-09_19-59-32.wav успешно перемещён в директорию Music
2025/11/09 19:59:32 [SUCCESS] Файл HmSu4hA_2025-11-09_19-59-32.mp3 успешно перемещён в директорию Music
2025/11/09 19:59:32 [SUCCESS] Файл JnIzn_2025-11-09_19-59-32.mp3 успешно перемещён в директорию Music
2025/11/09 19:59:32 [SUCCESS] Файл LCFUHLDpNId_2025-11-09_19-59-32.mp3 успешно перемещён в директорию Music
2025/11/09 19:59:32 [SUCCESS] Файл RPNsMtZbL_2025-11-09_19-59-32.mp3 успешно перемещён в директорию Music
2025/11/09 19:59:33 [SUCCESS] Файл hhG9in_2025-11-09_19-59-32.wav успешно перемещён в директорию Music
2025/11/09 19:59:33 [SUCCESS] Файл jRZuy61BA_2025-11-09_19-59-33.mp3 успешно перемещён в директорию Music
2025/11/09 19:59:33 [SUCCESS] Файл pVFF1i_2025-11-09_19-59-33.wav успешно перемещён в директорию Music
2025/11/09 19:59:33 [SUCCESS] Файл qGUb7_2025-11-09_19-59-33.wav успешно перемещён в директорию Music
2025/11/09 19:59:33 [SUCCESS] Файл sFw6aOFJzNJG_2025-11-09_19-59-33.mp3 успешно перемещён в директорию Music
2025/11/09 19:59:33 [SUCCESS] Файл wSjxZSSPE_2025-11-09_19-59-33.wav успешно перемещён в директорию Music
2025/11/09 19:59:33 [SUCCESS] Файл N2OwlNNS.jpeg успешно перемещён в директорию Images
2025/11/09 19:59:33 [SUCCESS] Файл Ob0B5DMna7.jpeg успешно перемещён в директорию Images
2025/11/09 19:59:33 [SUCCESS] Файл PrqPiFFh1o5Fy.docx успешно перемещён в директорию Documents
2025/11/09 19:59:33 [SUCCESS] Файл PtDFfrYULAOxp1.docx успешно перемещён в директорию Documents
2025/11/09 19:59:33 [SUCCESS] Файл Q5fjWIzvZS.mp3 успешно перемещён в директорию Music
2025/11/09 19:59:33 [SUCCESS] Файл RAGL2VsMtnutS.docx успешно перемещён в директорию Documents
2025/11/09 19:59:33 [SUCCESS] Файл RIoukBI7WvAf.png успешно перемещён в директорию Images
2025/11/09 19:59:33 [SUCCESS] Файл SbX4cF.wav успешно перемещён в директорию Music
2025/11/09 19:59:33 [SUCCESS] Файл V20JrCbOarL7C.wav успешно перемещён в директорию Music
2025/11/09 19:59:33 [SUCCESS] Файл VSus7EAJmp.doc успешно перемещён в директорию Documents
2025/11/09 19:59:33 [SUCCESS] Файл VWZOB.wav успешно перемещён в директорию Music
2025/11/09 19:59:33 [SUCCESS] Файл 1dl4qu_2025-11-09_19-59-33.avi успешно перемещён в директорию Video
2025/11/09 19:59:33 [SUCCESS] Файл 7grKxZK91aT_2025-11-09_19-59-33.avi успешно перемещён в директорию Video
2025/11/09 19:59:33 [SUCCESS] Файл AOS03_2025-11-09_19-59-33.mp4 успешно перемещён в директорию Video
2025/11/09 19:59:33 [SUCCESS] Файл E0m1h_2025-11-09_19-59-33.avi успешно перемещён в директорию Video
2025/11/09 19:59:33 [SUCCESS] Файл E54PMrzaaua_2025-11-09_19-59-33.mp4 успешно перемещён в директорию Video
2025/11/09 19:59:33 [SUCCESS] Файл EmxJcKKEvCzn_2025-11-09_19-59-33.mp4 успешно перемещён в директорию Video
2025/11/09 19:59:33 [SUCCESS] Файл EsSPelCBdBnGA_2025-11-09_19-59-33.avi успешно перемещён в директорию Video
2025/11/09 19:59:33 [SUCCESS] Файл JUwwxBG_2025-11-09_19-59-33.mp4 успешно перемещён в директорию Video
2025/11/09 19:59:33 [SUCCESS] Файл KjqW7muioje5_2025-11-09_19-59-33.mp4 успешно перемещён в директорию Video
2025/11/09 19:59:33 [SUCCESS] Файл LiazGDN7xmC_2025-11-09_19-59-33.mp4 успешно перемещён в директорию Video
2025/11/09 19:59:33 [SUCCESS] Файл T9INg344Bt8_2025-11-09_19-59-33.mp4 успешно перемещён в директорию Video
2025/11/09 19:59:33 [SUCCESS] Файл UVGJbylvy_2025-11-09_19-59-33.mp4 успешно перемещён в директорию Video
2025/11/09 19:59:33 [SUCCESS] Файл VP0YeQ_2025-11-09_19-59-33.avi успешно перемещён в директорию Video
2025/11/09 19:59:33 [SUCCESS] Файл XF8QewgRZ294_2025-11-09_19-59-33.mp4 успешно перемещён в директорию Video
2025/11/09 19:59:33 [SUCCESS] Файл XTE7N_2025-11-09_19-59-33.avi успешно перемещён в директорию Video
2025/11/09 19:59:33 [SUCCESS] Файл eJIYrhP_2025-11-09_19-59-33.avi успешно перемещён в директорию Video
2025/11/09 19:59:33 [SUCCESS] Файл iLPWfL_2025-11-09_19-59-33.avi успешно перемещён в директорию Video
2025/11/09 19:59:33 [SUCCESS] Файл jOk90V9aC0_2025-11-09_19-59-33.avi успешно перемещён в директорию Video
2025/11/09 19:59:33 [SUCCESS] Файл oC3vM_2025-11-09_19-59-33.avi успешно перемещён в директорию Video
2025/11/09 19:59:33 [SUCCESS] Файл p9jpHHf_2025-11-09_19-59-33.avi успешно перемещён в директорию Video
2025/11/09 19:59:33 [SUCCESS] Файл rH3waZe62SNePb_2025-11-09_19-59-33.avi успешно перемещён в директорию Video
2025/11/09 19:59:33 [SUCCESS] Файл rYOky0z_2025-11-09_19-59-33.avi успешно перемещён в директорию Video
2025/11/09 19:59:33 [SUCCESS] Файл rn7emdQnyKA_2025-11-09_19-59-33.mp4 успешно перемещён в директорию Video
2025/11/09 19:59:33 [SUCCESS] Файл vGABuGtcaD7ma0_2025-11-09_19-59-33.avi успешно перемещён в директорию Video
2025/11/09 19:59:33 [SUCCESS] Файл yBJMA1NmbzrO_2025-11-09_19-59-33.avi успешно перемещён в директорию Video
2025/11/09 19:59:33 [SUCCESS] Файл VxpRBjXDIYRl.mp4 успешно перемещён в директорию Video
2025/11/09 19:59:33 [SUCCESS] Файл W3EzEQVt8Yk.txt успешно перемещён в директорию Documents
2025/11/09 19:59:33 [SUCCESS] Файл WTsmDfIwj.zip успешно перемещён в директорию Archives
2025/11/09 19:59:33 [SUCCESS] Файл XdTRoj93Y.docx успешно перемещён в директорию Documents
2025/11/09 19:59:33 [SUCCESS] Файл Z4ymJvVV6x.wav успешно перемещён в директорию Music
2025/11/09 19:59:33 [SUCCESS] Файл Z7CFdPo7uwt.png успешно перемещён в директорию Images
2025/11/09 19:59:33 [SUCCESS] Файл ZZVfWXgo.png успешно перемещён в директорию Images
2025/11/09 19:59:33 [SUCCESS] Файл a4cW0eV.txt успешно перемещён в директорию Documents
2025/11/09 19:59:33 [SUCCESS] Файл a5vU8DpAAV.jpg успешно перемещён в директорию Images
2025/11/09 19:59:33 [SUCCESS] Файл aKN2nzdXSP.rar успешно перемещён в директорию Archives
2025/11/09 19:59:33 [SUCCESS] Файл bnVcSN.avi успешно перемещён в директорию Video
2025/11/09 19:59:33 [SUCCESS] Файл byNy9SsJ3.docx успешно перемещён в директорию Documents
2025/11/09 19:59:33 [SUCCESS] Файл cAlf9U.avi успешно перемещён в директорию Video
2025/11/09 19:59:33 [SUCCESS] Файл cluiFOEzo.jpeg успешно перемещён в директорию Images
2025/11/09 19:59:33 [SUCCESS] Файл eM9BAFCev.txt успешно перемещён в директорию Documents
2025/11/09 19:59:33 [SUCCESS] Файл edMqBwegZ.mp4 успешно перемещён в директорию Video
2025/11/09 19:59:33 [SUCCESS] Файл gyB2tNv3a0.mp3 успешно перемещён в директорию Music
2025/11/09 19:59:33 [SUCCESS] Файл h7Ucb8pfuZUJI.wav успешно перемещён в директорию Music
2025/11/09 19:59:33 [SUCCESS] Файл hjJpqkfCO2xp.rar успешно перемещён в директорию Archives
2025/11/09 19:59:33 [SUCCESS] Файл i5aJtFEQW.mp4 успешно перемещён в директорию Video
2025/11/09 19:59:33 [SUCCESS] Файл iP8n8smVByzSNM.avi успешно перемещён в директорию Video
2025/11/09 19:59:33 [SUCCESS] Файл ifaqY4CzK.doc успешно перемещён в директорию Documents
2025/11/09 19:59:33 [SUCCESS] Файл jowMQ3HZXryJ.docx успешно перемещён в директорию Documents
2025/11/09 19:59:33 [SUCCESS] Файл jr1kTsSO02AO.doc успешно перемещён в директорию Documents
2025/11/09 19:59:33 [SUCCESS] Файл jvVXnaBI.wav успешно перемещён в директорию Music
2025/11/09 19:59:33 [SUCCESS] Файл kHDMMtheBBsWql.png успешно перемещён в директорию Images
2025/11/09 19:59:33 [SUCCESS] Файл kLOBnX7OJpGi5A.doc успешно перемещён в директорию Documents
2025/11/09 19:59:33 [SUCCESS] Файл loNmD7WP.png успешно перемещён в директорию Images
2025/11/09 19:59:33 [SUCCESS] Файл mH6quWZ.mp3 успешно перемещён в директорию Music
2025/11/09 19:59:33 [SUCCESS] Файл mIVq2c1RP7IR.jpg успешно перемещён в директорию Images
2025/11/09 19:59:33 [SUCCESS] Файл mQdsBtJC.rar успешно перемещён в директорию Archives
2025/11/09 19:59:33 [SUCCESS] Файл mj085P9iRytupt.mp4 успешно перемещён в директорию Video
2025/11/09 19:59:33 [SUCCESS] Файл nBVFb.jpeg успешно перемещён в директорию Images
2025/11/09 19:59:33 [SUCCESS] Файл nk6X0qDkcDlYG.jpg успешно перемещён в директорию Images
2025/11/09 19:59:33 [SUCCESS] Файл pHuGcx9fWLn.pdf успешно перемещён в директорию Documents
2025/11/09 19:59:33 [SUCCESS] Файл pKB5B.pdf успешно перемещён в директорию Documents
2025/11/09 19:59:33 [SUCCESS] Файл pdY9WB.jpg успешно перемещён в директорию Images
2025/11/09 19:59:33 [SUCCESS] Файл pgyEYmCel.docx успешно перемещён в директорию Documents
2025/11/09 19:59:33 [SUCCESS] Файл prBAIwb.mp3 успешно перемещён в директорию Music
2025/11/09 19:59:33 [SUCCESS] Файл q0PQt7dk.jpg успешно перемещён в директорию Images
2025/11/09 19:59:33 [SUCCESS] Файл qil4DwLrZROxk.mp4 успешно перемещён в директорию Video
2025/11/09 19:59:33 [SUCCESS] Файл qrMJsiPas8QS.png успешно перемещён в директорию Images
2025/11/09 19:59:33 [SUCCESS] Файл riWZPS.docx успешно перемещён в директорию Documents
2025/11/09 19:59:33 [SUCCESS] Файл sTmkWYqBqKCp.pdf успешно перемещён в директорию Documents
2025/11/09 19:59:33 [SUCCESS] Файл smHN4XPH4g92v7.avi успешно перемещён в директорию Video
2025/11/09 19:59:33 [SUCCESS] Файл tYrtcvwLPVjS.rar успешно перемещён в директорию Archives
2025/11/09 19:59:33 [SUCCESS] Файл tagUePg68NoTf1.mp3 успешно перемещён в директорию Music
2025/11/09 19:59:33 [SUCCESS] Файл uD3fD76jMt0.txt успешно перемещён в директорию Documents
2025/11/09 19:59:33 [SUCCESS] Файл ucHDWw9F1Q84.avi успешно перемещён в директорию Video
2025/11/09 19:59:33 [SUCCESS] Файл vMO4rOZQnA.txt успешно перемещён в директорию Documents
2025/11/09 19:59:33 [SUCCESS] Файл wqdNN.doc успешно перемещён в директорию Documents
2025/11/09 19:59:33 [SUCCESS] Файл yMEs0K.jpg успешно перемещён в директорию Images
2025/11/09 19:59:33 [SUCCESS] Файл z4GjGyQVn4.jpeg успешно перемещён в директорию Images
2025/11/09 19:59:33 [SUCCESS] Файл zHHt40Vocw.pdf успешно перемещён в директорию Documents
2025/11/09 19:59:33 [SUCCESS] Файл znASMBT6wT4RSp.jpeg успешно перемещён в директорию Images
